<?xml version="1.0" encoding="UTF-8"?>
<!-- Generated by org.testng.reporters.JUnitReportReporter -->
<testsuite hostname="Rushit" failures="0" tests="2" name="qaclickacademy.AppiumTest" time="0.040" errors="0" timestamp="2021-12-17T11:55:01 EST" skipped="0">
  <testcase classname="qaclickacademy.AppiumTest" name="iOSApps" time="0.003"/>
  <system-out/>
  <testcase classname="qaclickacademy.AppiumTest" name="NativeAppAndroid" time="0.037"/>
  <system-out/>
</testsuite> <!-- qaclickacademy.AppiumTest -->
