<?xml version="1.0" encoding="UTF-8"?>
<!-- Generated by org.testng.reporters.JUnitReportReporter -->
<testsuite hostname="Rushit" failures="0" tests="2" name="qaclickacademy.SeleniunTest" time="0.007" errors="0" timestamp="2021-12-08T13:19:39 EST" skipped="0">
  <testcase classname="qaclickacademy.SeleniunTest" name="elementsUI" time="0.000"/>
  <system-out/>
  <testcase classname="qaclickacademy.SeleniunTest" name="BrowserAutomation" time="0.007"/>
  <system-out/>
</testsuite> <!-- qaclickacademy.SeleniunTest -->
